commit db917e1efb1f7f1a20b32c7e5c8ee3d6a13ef429
Author: Igor Shubovych <igor.shubovych@gmail.com>
Date:   Wed Mar 23 19:03:19 2011 +0200

    Add link to main page in menu

commit 9cdf337944719f96383b54dcf06169b561a29d29
Author: shybovycha <shybovycha@gmail.com>
Date:   Tue Mar 22 01:17:25 2011 +0200

    'moar' rewritten

commit 8b10dd3106119126a5d4b18280eee0924c1a4552
Author: shybovycha <shybovycha@gmail.com>
Date:   Tue Mar 22 01:12:43 2011 +0200

    'moar' rewritten

commit fb5f4a6d00a5c68fec50038b99d8cce1a33f2e87
Author: shybovycha <shybovycha@gmail.com>
Date:   Tue Mar 22 01:08:10 2011 +0200

    CSS fixes

commit 3d58d2bd0b977e8717ce498f3075b2243f1953a9
Merge: 39ef106 51b8da8
Author: shybovycha <shybovycha@gmail.com>
Date:   Tue Mar 22 00:58:07 2011 +0200

    moar review

commit 39ef1063383e0aa7511b087f9c56031c850788c0
Author: shybovycha <shybovycha@gmail.com>
Date:   Tue Mar 22 00:55:34 2011 +0200

    moar review

commit 51b8da831de8f140e76752f9892541a9dc983991
Merge: 8156abe fb076ef
Author: Igor Shubovych <igor.shubovych@gmail.com>
Date:   Tue Mar 22 00:24:18 2011 +0200

    Merge

commit 8156abe5f6adfcd82c43ca4fe9fbbec8738003aa
Author: Igor Shubovych <igor.shubovych@gmail.com>
Date:   Tue Mar 22 00:22:07 2011 +0200

    Banner

commit b77d7ef2ae3d0cf8fd1e153e547bd1ce4c7d914c
Author: Igor Shubovych <igor.shubovych@gmail.com>
Date:   Tue Mar 22 00:06:39 2011 +0200

    Fix quick links header view

commit fb076efbdba63f93c5cd3c67a87e62b689e1eba4
Author: shybovycha <shybovycha@gmail.com>
Date:   Mon Mar 21 23:56:19 2011 +0200

    geosearch Ukraine bounds only: done & fixed; minor CSS fixes

commit 85be8535a0a773f1505487dbe87b80d4efba0802
Author: Igor Shubovych <igor.shubovych@gmail.com>
Date:   Mon Mar 21 23:24:23 2011 +0200

    Fix link to home page

commit 3b26604841f9e112b101539d026bfe869a531433
Merge: 6941b49 30926c5
Author: Igor Shubovych <igor.shubovych@gmail.com>
Date:   Mon Mar 21 23:14:54 2011 +0200

    Merge branch 'master' of github.com:igorshubovych/autodor

commit 6941b49d42150a4bf9003f228860a61ddc2b6446
Author: Igor Shubovych <igor.shubovych@gmail.com>
Date:   Mon Mar 21 23:14:38 2011 +0200

    Fix font

commit 30926c5d43dfe09dc5902652eaaac503d750e0d0
Merge: b3a9d31 0dcbc17
Author: shybovycha <shybovycha@gmail.com>
Date:   Mon Mar 21 23:11:35 2011 +0200

    Merge branch 'master' of github.com:igorshubovych/autodor

commit b3a9d31dd1ec3ad87c545b32363e208b565598db
Author: shybovycha <shybovycha@gmail.com>
Date:   Mon Mar 21 23:11:07 2011 +0200

    images fixed; a bit of minor css fixes; geosearch added

commit 0dcbc17fe58aca29554b23f76323f087f75b8cf1
Author: Igor Shubovych <igor.shubovych@gmail.com>
Date:   Mon Mar 21 22:52:25 2011 +0200

    Add menu on the top

commit d4371b23b750e1175a8ad4681812fcfcefbacaa2
Author: Igor Shubovych <igor.shubovych@gmail.com>
Date:   Mon Mar 21 22:20:52 2011 +0200

    Fix lame artefact in logo

commit efdd379cd3a7a608d2a4782df6c48fc136d25508
Author: Igor Shubovych <igor.shubovych@gmail.com>
Date:   Mon Mar 21 22:17:26 2011 +0200

    Links page

commit 2442384e00596ccf62cbdbecca1392e447b6ae54
Author: Igor Shubovych <igor.shubovych@gmail.com>
Date:   Mon Mar 21 22:16:00 2011 +0200

    Refactor layout

commit ba6fdf4c3342db6fb4d73167c9d5e12d18a2c855
Author: shybovycha <shybovycha@gmail.com>
Date:   Mon Mar 21 21:09:41 2011 +0200

    weather fix

commit 4dd2e65e51755276315b5a5b58b4ad82d21ca344
Author: shybovycha <shybovycha@gmail.com>
Date:   Mon Mar 21 21:03:30 2011 +0200

    moofoo

commit 670b3a907ab4725f41db240afb75c3e9dfe229de
Merge: f6de04a 92106d1
Author: shybovycha <shybovycha@gmail.com>
Date:   Mon Mar 21 21:01:18 2011 +0200

    Merge branch 'master' of github.com:igorshubovych/autodor

commit f6de04a354bab0f398e686d83b37fbed8ffbd8cf
Author: shybovycha <shybovycha@gmail.com>
Date:   Mon Mar 21 21:00:23 2011 +0200

    moofoo

commit 92106d1bdd535660c920111901ba14fee7dd0646
Author: Igor Shubovych <igor.shubovych@gmail.com>
Date:   Mon Mar 21 19:04:33 2011 +0200

    Fixing tab names to fit on the screen

commit cd51989cfc0daa3d3f2c0bf480630b9b5795e37d
Author: Igor Shubovych <igor.shubovych@gmail.com>
Date:   Mon Mar 21 19:02:56 2011 +0200

    Fixing quick links panel: adding small images of stadiums

commit d8cae6bf4c63ea0e3c19a53aca712b0539c2e480
Author: shybovycha <shybovycha@gmail.com>
Date:   Mon Mar 21 15:58:38 2011 +0200

    minor fixes + webcams added. Igor, RTFM before ANY HTML/HAML/CSS changes, goddamn

commit 9be784be0cee6a206d7fbddb77df08c24faf1f10
Author: Igor Shubovych <igor.shubovych@gmail.com>
Date:   Mon Mar 21 13:12:37 2011 +0200

    Refactor weather toggle

commit 3b40cb13acafb4bad0ddd55054dfb192b484c986
Author: Igor Shubovych <igor.shubovych@gmail.com>
Date:   Mon Mar 21 12:26:35 2011 +0200

    Added car service support

commit e8f203f373e8071b3c2d89ffd2448f543a48e1dc
Author: shybovycha <shybovycha@gmail.com>
Date:   Mon Mar 21 00:46:30 2011 +0200

    great merging. part 2: fixing

commit 33104ee6004c5118d9de2458d313a2708898a0dc
Author: shybovycha <shybovycha@gmail.com>
Date:   Mon Mar 21 00:46:23 2011 +0200

    great merging. part 2: fixing

commit ddc5fdcf6bdb247d81c246009944f79a41a3080a
Merge: 532cbb5 a29a29f
Author: shybovycha <shybovycha@gmail.com>
Date:   Mon Mar 21 00:39:36 2011 +0200

    great merging

commit 532cbb5c33940fe19f21dfa5347c8191a49299b4
Author: shybovycha <shybovycha@gmail.com>
Date:   Mon Mar 21 00:31:41 2011 +0200

    weather refreshed and fixed. DONE

commit 74d1772af69c7767361855d4c395321e22bb2a46
Author: shybovycha <shybovycha@gmail.com>
Date:   Mon Mar 21 00:03:20 2011 +0200

    weather still present... 4z last time

commit a29a29f464eb5a7e1bc2da29504e1a128ab13430
Author: Igor Shubovych <igor.shubovych@gmail.com>
Date:   Sun Mar 20 23:20:13 2011 +0200

    Refactoring layouts

commit e114da3ab846e725a7164ff083f8e542b7f1fc05
Author: Igor Shubovych <igor.shubovych@gmail.com>
Date:   Sun Mar 20 22:04:30 2011 +0200

    Poi controller

commit 100a65bab774223f6255865087ca36f4c34aabd7
Author: shybovycha <shybovycha@gmail.com>
Date:   Sun Mar 20 21:00:27 2011 +0200

    moar merged with index

commit 5dc893cd165d47a7cb35be8dd119a3d3102f9989
Author: shybovycha <shybovycha@gmail.com>
Date:   Sun Mar 20 20:59:34 2011 +0200

    undone weather added

commit e90082563e84fefcd7266fca7baf38365adc579d
Merge: f9f6d94 024f929
Author: shybovycha <shybovycha@gmail.com>
Date:   Sun Mar 20 16:52:34 2011 +0200

    jQuery shitbricks /me

commit f9f6d945630698355f48bde87c0b78c039283bec
Author: shybovycha <shybovycha@gmail.com>
Date:   Sun Mar 20 16:50:25 2011 +0200

    jQuery shitbricks /me

commit 024f929e3a169a726d8c281437a7bbded2be641e
Merge: 84f4736 5e25ce5
Author: Igor Shubovych <igor.shubovych@gmail.com>
Date:   Sun Mar 20 13:41:40 2011 +0200

    Merge branch 'master' of github.com:igorshubovych/autodor

commit 84f473651e1ed7f35396d6aafe6511be3beb61cb
Author: Igor Shubovych <igor.shubovych@gmail.com>
Date:   Sun Mar 20 13:41:32 2011 +0200

    Integration with vsesto.com.ua

commit 5e25ce512aa681b3905b939c9b53a58ef4cfc43a
Author: shybovycha <shybovycha@gmail.com>
Date:   Sun Mar 20 02:12:51 2011 +0200

    removing markers error fixed

commit f8e0329feefe07c96358610026daea6bffbc7967
Author: shybovycha <shybovycha@gmail.com>
Date:   Sun Mar 20 00:56:14 2011 +0200

    marker ui ready and fixed. routing refresh still needed

commit 86a162858af944b1907236b045222ec72f6a1170
Author: Igor Shubovych <igor.shubovych@gmail.com>
Date:   Sat Mar 19 21:35:19 2011 +0200

    Add db/data to .gitignore

commit f69d69eca56e5a2634adcf4978cbb670779c33ec
Author: shybovycha <shybovycha@gmail.com>
Date:   Sat Mar 19 19:45:28 2011 +0200

    markers fix

commit 894ad9516d2f2de3ee70729ac54906563b520b45
Author: shybovycha <shybovycha@gmail.com>
Date:   Sat Mar 19 17:13:08 2011 +0200

    UI fixed... a bit...

commit eb2db21fd8df5921fc3557d0d862a65bd4e41537
Author: shybovycha <shybovycha@gmail.com>
Date:   Sat Mar 19 14:28:29 2011 +0200

    fixed tabs view

commit fb2bac0ca906a97e518adfa4a4992a4c51994d83
Author: shybovycha <shybovycha@gmail.com>
Date:   Sat Mar 19 14:23:17 2011 +0200

    merged 'home#moar' with 'home#index'

commit 95579e7dc53b29f264b38d16b598e34f8c0a4007
Author: shybovycha <shybovycha@gmail.com>
Date:   Sat Mar 19 13:34:03 2011 +0200

    css fix

commit 8a8b68a399719489997f0a3056f76b8b35bc6b6b
Author: shybovycha <shybovycha@gmail.com>
Date:   Sat Mar 19 13:32:23 2011 +0200

    route fix

commit 51876725de2ef65f802c1efa673a19e61bdaf57e
Author: shybovycha <shybovycha@gmail.com>
Date:   Sat Mar 19 13:23:55 2011 +0200

    yaml fixes

commit 9c0aa0e4051f4d883f2b400a0665749f42b02010
Author: Igor Shubovych <igor.shubovych@gmail.com>
Date:   Sat Mar 19 13:13:03 2011 +0200

    Spaces to tabs

commit 7295025cc5d1f8b3c08d9b7678a60ebf5da26d2e
Author: shybovycha <shybovycha@gmail.com>
Date:   Sat Mar 19 12:08:05 2011 +0200

    minor fix

commit 768ebebe14f95be8d4909b7a329e12896b816c03
Author: shybovycha <shybovycha@gmail.com>
Date:   Sat Mar 19 12:07:06 2011 +0200

    css shitbricks

commit efa053498927799fbc03072fbaa20fa9232133e0
Author: shybovycha <shybovycha@gmail.com>
Date:   Sat Mar 19 12:03:28 2011 +0200

    css shitbricks

commit 3a90bd7f7c796b21be8db181d9853b1808776c5a
Author: shybovycha <shybovycha@gmail.com>
Date:   Sat Mar 19 11:59:28 2011 +0200

    css shitbricks

commit 058574ed50d858c8f4d5ade6dbb87325762e744d
Author: shybovycha <shybovycha@gmail.com>
Date:   Sat Mar 19 11:49:45 2011 +0200

    accordion space fillment

commit b4fcbfa84e899d2d358b846391f3d2d54218449a
Author: shybovycha <shybovycha@gmail.com>
Date:   Sat Mar 19 11:47:51 2011 +0200

    accordion space fillment

commit db41d658273010e14db46d3ea8bd57bed2a62f06
Author: shybovycha <shybovycha@gmail.com>
Date:   Sat Mar 19 11:46:50 2011 +0200

    home#moar::tabs => home#moar::accordion

commit 7d1332992a5caf4db0299d14689066eaed83c347
Author: shybovycha <shybovycha@gmail.com>
Date:   Sat Mar 19 11:41:09 2011 +0200

    flag links fix

commit 08c073e661fb333231329c7c98503b8035a56570
Author: shybovycha <shybovycha@gmail.com>
Date:   Sat Mar 19 09:57:06 2011 +0200

    minor fix

commit c0655485b448240eebf9132b6b359e55e996e700
Author: shybovycha <shybovycha@gmail.com>
Date:   Sat Mar 19 09:55:57 2011 +0200

    minor fix

commit 41638aba107204bbfd773deef3d4964edab7f9d6
Author: shybovycha <shybovycha@gmail.com>
Date:   Sat Mar 19 09:55:18 2011 +0200

    rolling back 2 normal js

commit aee888a11c6f5fdd7b866ce69c46c34cb9334470
Author: shybovycha <shybovycha@gmail.com>
Date:   Sat Mar 19 09:48:52 2011 +0200

    js.erb fix

commit 16e01623ac7458581511ed3866952696528ca5d6
Author: shybovycha <shybovycha@gmail.com>
Date:   Sat Mar 19 09:46:59 2011 +0200

    js.erb fix

commit 80d3522faefe15f2a0fc4916c2c8ad6cc10a5bda
Author: shybovycha <shybovycha@gmail.com>
Date:   Sat Mar 19 09:42:25 2011 +0200

    js.erb fix

commit 88bb33e77ef8e7f58c51d620edc1905ed05d8509
Author: shybovycha <shybovycha@gmail.com>
Date:   Sat Mar 19 09:41:26 2011 +0200

    js.erb fix

commit e0a2531fb9e79a02b15de5054fbb76e7d387343d
Author: shybovycha <shybovycha@gmail.com>
Date:   Sat Mar 19 09:39:29 2011 +0200

    application.js => application.js.erb fix

commit 775ccca1a2684c2fa9fe6cd112d3140fa6eeae4a
Author: shybovycha <shybovycha@gmail.com>
Date:   Sat Mar 19 09:39:04 2011 +0200

    application.js => application.js.erb fix

commit 5314cc56af3e3e1aee2c3203cfb3f32dcc793455
Author: shybovycha <shybovycha@gmail.com>
Date:   Sat Mar 19 09:37:54 2011 +0200

    locales fix

commit 236b421a9cf0e054a868bd4ac00e8c6353e25a25
Author: shybovycha <shybovycha@gmail.com>
Date:   Sat Mar 19 09:01:27 2011 +0200

    minor fix

commit d1753b3e205637979cb8e6cd8eb4269acf415a4c
Author: shybovycha <shybovycha@gmail.com>
Date:   Sat Mar 19 08:57:02 2011 +0200

    minor fix

commit 9dd0548e83e20687c3ea345b7891c83cadcf221e
Author: shybovycha <shybovycha@gmail.com>
Date:   Sat Mar 19 08:56:16 2011 +0200

    minor fix

commit f773582c014ce59f653fe820f0e2e294adb2f35f
Author: shybovycha <shybovycha@gmail.com>
Date:   Sat Mar 19 08:48:33 2011 +0200

    minor fix

commit 1064abc1b407718f7d968d16911765ad9404348b
Author: shybovycha <shybovycha@gmail.com>
Date:   Sat Mar 19 08:47:49 2011 +0200

    minor fix

commit be7a06782a5f21faf17be8d3b6ca6c20d22c4801
Author: shybovycha <shybovycha@gmail.com>
Date:   Sat Mar 19 08:40:53 2011 +0200

    minor fix

commit 2b7989c1991f4eb3404971c14c7cbbd240179630
Author: shybovycha <shybovycha@gmail.com>
Date:   Sat Mar 19 08:40:13 2011 +0200

    minor fix

commit fe699136fdbbd482ac3f061a9aa4170ccf0ed5e3
Author: shybovycha <shybovycha@gmail.com>
Date:   Sat Mar 19 08:27:42 2011 +0200

    minor fix

commit 0db2ce846433f57fc17c0e57fed4f59d1bb5fd76
Author: shybovycha <shybovycha@gmail.com>
Date:   Sat Mar 19 08:27:23 2011 +0200

    minor fix

commit 28bf036f0c92779215956d56d63b11ef6f0762ce
Author: shybovycha <shybovycha@gmail.com>
Date:   Sat Mar 19 08:25:45 2011 +0200

    minor fix

commit 4a97a41734ef42fb49c20987c8a4370b244d4fa6
Author: shybovycha <shybovycha@gmail.com>
Date:   Fri Mar 18 23:35:33 2011 +0200

    minor fix

commit b75389fc11bd5cf9e50f7babe27f897dbcac71e5
Author: shybovycha <shybovycha@gmail.com>
Date:   Fri Mar 18 23:34:27 2011 +0200

    context-menu done

commit 227a4081d8f43ef632c8386df83f8046d73d7bbe
Author: shybovycha <shybovycha@gmail.com>
Date:   Fri Mar 18 23:33:05 2011 +0200

    minor fix

commit 2334649934fa92d96eb3f5bac0a4c08287218155
Author: shybovycha <shybovycha@gmail.com>
Date:   Fri Mar 18 23:31:49 2011 +0200

    minor fix

commit 25fd6f719eb1b57f4c722c540e3728810e9a95ea
Author: shybovycha <shybovycha@gmail.com>
Date:   Fri Mar 18 23:29:55 2011 +0200

    minor fix

commit b564a9d27edc9fcd2219bb050a3e0cf3a3c0f76b
Author: shybovycha <shybovycha@gmail.com>
Date:   Fri Mar 18 23:25:35 2011 +0200

    minor fix

commit 6746c5bf576f89a30c0eecc1c0b3fef7ef304f1d
Author: shybovycha <shybovycha@gmail.com>
Date:   Fri Mar 18 23:24:27 2011 +0200

    minor fixe

commit 0959ed857d874415f4a74c609721ee2c9cc3dd5e
Author: shybovycha <shybovycha@gmail.com>
Date:   Fri Mar 18 23:23:22 2011 +0200

    medium context-menu fixes

commit 0422fc22995a2021c5071aa9113fb2d2e6dc746e
Author: shybovycha <shybovycha@gmail.com>
Date:   Fri Mar 18 23:08:56 2011 +0200

    context-menu 4z marker

commit fa479aed4b02504ba4def668a58e1d757afaac96
Author: shybovycha <shybovycha@gmail.com>
Date:   Fri Mar 18 23:04:47 2011 +0200

    context-menu 4z marker

commit 766c5ee6c26c7dec582ca3d382c7c77793eaed99
Author: shybovycha <shybovycha@gmail.com>
Date:   Fri Mar 18 23:03:32 2011 +0200

    context-menu 4z marker

commit d9f2da1fc4fd0c93d98d26af7a74c48d642f88e2
Author: shybovycha <shybovycha@gmail.com>
Date:   Fri Mar 18 23:01:45 2011 +0200

    context-menu 4z marker

commit 03f0d2dfdac8d3b989b2106221d8ee93dd74076a
Author: shybovycha <shybovycha@gmail.com>
Date:   Fri Mar 18 22:59:43 2011 +0200

    context-menu 4z marker

commit 3e14b61abf09698b51ac27aa0008c180ec7ed182
Author: shybovycha <shybovycha@gmail.com>
Date:   Fri Mar 18 22:58:05 2011 +0200

    context-menu 4z marker

commit a242e0a11be24e66e58deccdcac4acf355e2f13f
Author: shybovycha <shybovycha@gmail.com>
Date:   Fri Mar 18 22:56:24 2011 +0200

    context-menu 4z marker

commit 27020e2e591b742d5e6ca38b122e287b78abe178
Author: shybovycha <shybovycha@gmail.com>
Date:   Fri Mar 18 22:47:25 2011 +0200

    styleshhet images added

commit bb02c830c17bf957e4e50e1212688cd0f8eec6e9
Author: shybovycha <shybovycha@gmail.com>
Date:   Fri Mar 18 22:41:08 2011 +0200

    trying adding context-menu 4z map

commit c67ea2b751bb7ce815519bd5b9976af26d0de339
Author: shybovycha <shybovycha@gmail.com>
Date:   Fri Mar 18 22:08:53 2011 +0200

    minor fix

commit d6a5c7c6d9b649d25637fe65d26e40640b08e37f
Author: shybovycha <shybovycha@gmail.com>
Date:   Fri Mar 18 22:07:11 2011 +0200

    'add marker' => button instead of link

commit 5beca54716852bddbb809fe3b2ed356f6a5b6fa7
Author: shybovycha <shybovycha@gmail.com>
Date:   Fri Mar 18 22:03:48 2011 +0200

    route types fix

commit d5374e59263f7e7f47b328fbc1cec55d306eba92
Author: shybovycha <shybovycha@gmail.com>
Date:   Fri Mar 18 21:58:58 2011 +0200

    route types fix

commit 8e7195843d307ff53b6cafeada9793a3ebc56827
Author: shybovycha <shybovycha@gmail.com>
Date:   Fri Mar 18 21:56:36 2011 +0200

    added route types

commit 3f2d87f84ec60b0facec5412ee2aff7465bf438f
Author: shybovycha <shybovycha@gmail.com>
Date:   Fri Mar 18 21:37:47 2011 +0200

    locales changed

commit d5a156d61e923db8e60262c51147b5bc48838714
Author: shybovycha <shybovycha@gmail.com>
Date:   Fri Mar 18 21:35:28 2011 +0200

    locales changed

commit 8d992bee3e425636f1b096e6fb1ee86453b278ff
Author: shybovycha <shybovycha@gmail.com>
Date:   Fri Mar 18 21:33:23 2011 +0200

    locales changed

commit 8166ac827803ca46952c103e345656a1f9488905
Author: shybovycha <shybovycha@gmail.com>
Date:   Fri Mar 18 21:32:12 2011 +0200

    locales changed

commit 977172eb80c2f8c7845557681d33eda414cab63c
Author: shybovycha <shybovycha@gmail.com>
Date:   Fri Mar 18 21:20:42 2011 +0200

    flags changed

commit a8ac6371e0bd429823d957ab0ae5deb7527ca608
Merge: 06e6b92 14597af
Author: shybovycha <shybovycha@gmail.com>
Date:   Fri Mar 18 21:19:07 2011 +0200

    route type buttons added

commit 06e6b92ffe4df6aff520fbad45907c31a88cffbc
Author: shybovycha <shybovycha@gmail.com>
Date:   Fri Mar 18 21:16:45 2011 +0200

    route type buttons added

commit 14597af6275a859cd8c35e5abda99b3d4ab6d336
Author: Igor Shubovych <igor.shubovych@gmail.com>
Date:   Fri Mar 18 20:46:35 2011 +0200

    Fixed locale

commit e064571a719f2c4f4b5300f1e5d9beb8becc3e07
Author: Igor Shubovych <igor.shubovych@gmail.com>
Date:   Fri Mar 18 20:25:21 2011 +0200

    Remove google.js

commit ec5340c01a658bbba7bd9c274526cd89c098fae7
Author: Igor Shubovych <igor.shubovych@gmail.com>
Date:   Fri Mar 18 20:23:25 2011 +0200

    I18n

commit 56f2c98b6e9a4d34df37d18d8213af6bf33215a2
Author: shybovycha <shybovycha@gmail.com>
Date:   Fri Mar 18 19:11:32 2011 +0200

    routing almost done: fixing route updating

commit c650172cc3884e67ae2bf4b06b0582bde3b3eac3
Author: shybovycha <shybovycha@gmail.com>
Date:   Fri Mar 18 19:07:35 2011 +0200

    routing almost done: fixing route updating

commit c524d92b972f996fd57ffef7709cd47c47102225
Author: shybovycha <shybovycha@gmail.com>
Date:   Fri Mar 18 17:02:02 2011 +0200

    routing almost done: minor fixing bugs and features

commit 05bc1280afd2f1d869df802f8953c253f5ead886
Author: shybovycha <shybovycha@gmail.com>
Date:   Fri Mar 18 17:01:16 2011 +0200

    routing almost done: minor fixing bugs and features

commit 1447f000bd660132fffe620e79e907409dff21e2
Author: shybovycha <shybovycha@gmail.com>
Date:   Fri Mar 18 16:59:41 2011 +0200

    routing almost done: minor fixing bugs and features

commit 0e14104b14229710f2be88030f93e33f6ee9256f
Author: shybovycha <shybovycha@gmail.com>
Date:   Fri Mar 18 16:58:57 2011 +0200

    routing almost done: minor fixing bugs and features

commit f0f8156cf9b46ee3dc54c10ea2df5530604c6132
Author: shybovycha <shybovycha@gmail.com>
Date:   Fri Mar 18 16:53:35 2011 +0200

    routing almost done: minor fixing bugs and features

commit e74d2b8eee2ae4b72573fe3795e913c898b07c95
Author: shybovycha <shybovycha@gmail.com>
Date:   Fri Mar 18 16:52:33 2011 +0200

    routing almost done: minor fixing bugs and features

commit 24bd075b2cd7308d794b5872319a79d661b1a5f7
Author: shybovycha <shybovycha@gmail.com>
Date:   Fri Mar 18 16:50:17 2011 +0200

    routing almost done: minor fixing bugs and features

commit d138e00f8bf27313c7ed5d028bda4c9d07878503
Author: shybovycha <shybovycha@gmail.com>
Date:   Fri Mar 18 16:49:16 2011 +0200

    routing almost done: minor fixing bugs and features

commit 6156b0c0ddb772a8facd118063a40b06beef9baf
Author: shybovycha <shybovycha@gmail.com>
Date:   Fri Mar 18 16:47:18 2011 +0200

    routing almost done: minor fixing bugs and features

commit 42c1b19c71f349ef554da7f579af063185ed2dec
Author: shybovycha <shybovycha@gmail.com>
Date:   Fri Mar 18 16:45:36 2011 +0200

    movable marker try #1: improvement fix

commit 76b38abe2afd1388af4a6cb35a52903a18495261
Author: shybovycha <shybovycha@gmail.com>
Date:   Fri Mar 18 16:44:37 2011 +0200

    movable marker try #1: improvement fix

commit 33ac881bf641b9ff5f536a2f7af70bcf5b59616c
Author: shybovycha <shybovycha@gmail.com>
Date:   Fri Mar 18 16:42:29 2011 +0200

    movable marker try #1: improvement fix

commit 3ed6523af2b9ec1ad12f4c6f273ae24d6deaa843
Author: shybovycha <shybovycha@gmail.com>
Date:   Fri Mar 18 16:40:30 2011 +0200

    movable marker try #1: improvement

commit e9ba2e3b494a8fdd2f54f7521958271551c2a6cb
Author: shybovycha <shybovycha@gmail.com>
Date:   Fri Mar 18 16:33:48 2011 +0200

    movable marker try #1: minor fix

commit 211fae78740846f5ee0c9c84469f2cfc6b205adc
Author: shybovycha <shybovycha@gmail.com>
Date:   Fri Mar 18 16:32:12 2011 +0200

    movable marker try #1: a very minor fix

commit 58a3b84ce7fd3fcaebf6405fe07f92856d8d6b3e
Author: shybovycha <shybovycha@gmail.com>
Date:   Fri Mar 18 16:30:53 2011 +0200

    movable marker try #1: a very minor fix

commit 29c7a14e7bd2ebc8e033da05300e120774a04d61
Author: shybovycha <shybovycha@gmail.com>
Date:   Fri Mar 18 16:29:30 2011 +0200

    movable marker try #1: a very minor fix

commit 12c8f09b207939ad26c8bc74ae1c77dd63a2df72
Author: shybovycha <shybovycha@gmail.com>
Date:   Fri Mar 18 16:28:19 2011 +0200

    movable marker try #1

commit ad7a5fd027334f23a840814dd76e15f9bf33b1c7
Author: shybovycha <shybovycha@gmail.com>
Date:   Fri Mar 18 15:16:10 2011 +0200

    minor fixes

commit cec0e36583b2d54e6d5756a0442c52ad286ee2a0
Author: shybovycha <shybovycha@gmail.com>
Date:   Fri Mar 18 15:15:52 2011 +0200

    minor fixes

commit 5999a7a89bfaa13b344f651a744740d1a549f17d
Author: shybovycha <shybovycha@gmail.com>
Date:   Fri Mar 18 15:13:12 2011 +0200

    minor fixes

commit 90bfb0a62502d161fc18596e17e5c8d4b17504a9
Author: shybovycha <shybovycha@gmail.com>
Date:   Fri Mar 18 15:10:42 2011 +0200

    minor fixes

commit 1732d02c8dc379b426ba5cf75c905849025d74ab
Author: shybovycha <shybovycha@gmail.com>
Date:   Fri Mar 18 15:09:28 2011 +0200

    minor fixes

commit 3acd5e63038ae254ea47b7417f9feed7f1788e48
Author: shybovycha <shybovycha@gmail.com>
Date:   Fri Mar 18 15:07:37 2011 +0200

    minor fixes

commit f542613938e26f3d4e4a53045b46a4bef9ed377e
Author: shybovycha <shybovycha@gmail.com>
Date:   Fri Mar 18 15:06:47 2011 +0200

    minor fixes

commit 564964c5b49da504dfe3ea3e4fb2d847b6bc08b5
Author: shybovycha <shybovycha@gmail.com>
Date:   Fri Mar 18 15:05:48 2011 +0200

    minor fixes

commit c389c8b109db70adc6c6f57a3646bff4cf41d273
Author: shybovycha <shybovycha@gmail.com>
Date:   Fri Mar 18 15:04:57 2011 +0200

    minor fixes

commit 3fa5d3aaba6305dafc8776ebd0cb0e79643c9364
Author: shybovycha <shybovycha@gmail.com>
Date:   Fri Mar 18 15:04:19 2011 +0200

    minor fixes

commit 74fe0757592a8d6595c78a4efb3b58e3043a05df
Author: shybovycha <shybovycha@gmail.com>
Date:   Fri Mar 18 15:03:36 2011 +0200

    minor fixes

commit c7eb5994597576b616f11e51d38be6df95be93c2
Author: shybovycha <shybovycha@gmail.com>
Date:   Fri Mar 18 15:02:42 2011 +0200

    minor fixes

commit adee8ba0955fe811b08b5b8c6de75402302e5d3d
Author: shybovycha <shybovycha@gmail.com>
Date:   Fri Mar 18 14:01:26 2011 +0200

    minor fixes

commit 25ef94a6a7d64b61ba9c198f6b7a94b4a2c30849
Author: shybovycha <shybovycha@gmail.com>
Date:   Fri Mar 18 14:00:25 2011 +0200

    minor fixes

commit 034a030a24ab9fef1a8622d99995dd702edafac5
Author: shybovycha <shybovycha@gmail.com>
Date:   Fri Mar 18 13:59:32 2011 +0200

    minor fixes

commit 38178c6a129c28f514f5c516f029e13b2ef07c67
Author: shybovycha <shybovycha@gmail.com>
Date:   Fri Mar 18 13:58:22 2011 +0200

    minor fixes

commit b13a64082af6f6786968e2b48ee72febf0752b9f
Author: shybovycha <shybovycha@gmail.com>
Date:   Fri Mar 18 13:57:34 2011 +0200

    minor fixes

commit b60999be1c3aeef05d1d17c22eef67e1d1af812f
Author: shybovycha <shybovycha@gmail.com>
Date:   Fri Mar 18 13:55:29 2011 +0200

    minor fixes

commit a01a8322d2a541e9d85fed566c34287ffadf89e3
Author: shybovycha <shybovycha@gmail.com>
Date:   Fri Mar 18 13:54:59 2011 +0200

    minor fixes

commit d653038607db8202b3008142c4cdf94f0aca33a6
Author: shybovycha <shybovycha@gmail.com>
Date:   Fri Mar 18 13:53:57 2011 +0200

    minor fixes

commit 426bdc88256f66fdd28e74f751b7ffa342b0c064
Author: shybovycha <shybovycha@gmail.com>
Date:   Fri Mar 18 13:53:17 2011 +0200

    minor fixes

commit fe26a54f828f8805acf739c5dce0c62cc717b4d4
Author: shybovycha <shybovycha@gmail.com>
Date:   Fri Mar 18 13:52:31 2011 +0200

    minor fixes

commit f5550298a0a357ecfa9abe70a283feab64858982
Author: shybovycha <shybovycha@gmail.com>
Date:   Fri Mar 18 13:52:02 2011 +0200

    minor fixes

commit 0d0eaddb49092075fb03e78328f329c6caefdfd3
Author: shybovycha <shybovycha@gmail.com>
Date:   Fri Mar 18 13:51:28 2011 +0200

    minor fixes

commit 34f2b224d797b03db2edcb9dbd03e748ac15fcdb
Author: shybovycha <shybovycha@gmail.com>
Date:   Fri Mar 18 13:50:25 2011 +0200

    minor fixes

commit 623525632ae8f0ec0bf15b8d12c5d7ec953565b2
Author: shybovycha <shybovycha@gmail.com>
Date:   Fri Mar 18 13:45:41 2011 +0200

    minor fixes

commit 1091d132ced063b9b5908704ff8e713cb24bdf07
Author: shybovycha <shybovycha@gmail.com>
Date:   Fri Mar 18 13:44:57 2011 +0200

    minor fixes

commit ae6ba271a347602403b99badb1a94ff428dd0b75
Author: shybovycha <shybovycha@gmail.com>
Date:   Fri Mar 18 13:44:09 2011 +0200

    minor fixes

commit 6dd36232ab299585fb35d77897e2b2d65a260fb0
Author: shybovycha <shybovycha@gmail.com>
Date:   Fri Mar 18 13:42:00 2011 +0200

    minor fixes

commit 6b74cde18891def2772c2a9de865274816bfa753
Author: shybovycha <shybovycha@gmail.com>
Date:   Fri Mar 18 13:39:17 2011 +0200

    minor fixes

commit e9633ba9ee595a5d230384c378ff265bcc61eefb
Author: shybovycha <shybovycha@gmail.com>
Date:   Fri Mar 18 13:34:56 2011 +0200

    conflicts resolved

commit 440674976c71b0fc7a09cbd19cf4b4dff8767bdb
Author: shybovycha <shybovycha@gmail.com>
Date:   Fri Mar 18 13:34:10 2011 +0200

    conflicts resolved

commit 018f5774bdb620f1c48f007812b041d6f48946f2
Merge: 38bb688 734f42f
Author: shybovycha <shybovycha@gmail.com>
Date:   Fri Mar 18 13:33:07 2011 +0200

    conflicts resolved

commit 38bb68818059debf2019e0ccac5befd4bd89dac9
Author: shybovycha <shybovycha@gmail.com>
Date:   Fri Mar 18 13:28:23 2011 +0200

    routing try #1

commit 734f42fbdf606d7ec1930bd658ca12c0a06aa2ca
Author: Igor Shubovych <igor.shubovych@gmail.com>
Date:   Fri Mar 18 12:51:21 2011 +0200

    Adding quick links

commit ef875cf55c344a9e02af5c208afc93ef156d4d9d
Author: Igor Shubovych <igor.shubovych@gmail.com>
Date:   Fri Mar 18 10:14:09 2011 +0200

    Made main page

commit 638ec78d8628c75f05a8d3641e79745e373e87f7
Merge: a91a7c9 0b447da
Author: Igor Shubovych <igor.shubovych@gmail.com>
Date:   Thu Mar 17 23:06:04 2011 +0200

    Merge branch 'master' of github.com:igorshubovych/autodor

commit 0b447dac2c93028b053ea453d5b01d01e26b73ad
Author: shybovycha <shybovycha@gmail.com>
Date:   Thu Mar 17 23:03:48 2011 +0200

    minor haml fixes

commit a91a7c96ce1baef5d20fce57f804f4e58fec15bc
Merge: 501b24c fb15291
Author: Igor Shubovych <igor.shubovych@gmail.com>
Date:   Thu Mar 17 23:01:02 2011 +0200

    Merge branch 'master' of github.com:igorshubovych/autodor

commit fb152912f0be19a9d0c5a706ded5a849d5139280
Author: shybovycha <shybovycha@gmail.com>
Date:   Thu Mar 17 23:00:33 2011 +0200

    minor haml fixes

commit 501b24c782ccf0978066fb6a6ff1051abc4ae740
Merge: 84acf7f 8d05fce
Author: Igor Shubovych <igor.shubovych@gmail.com>
Date:   Thu Mar 17 22:59:10 2011 +0200

    Merge branch 'master' of github.com:igorshubovych/autodor

commit 8d05fcec824c63d0f97a7928c730acac803abdcc
Author: shybovycha <shybovycha@gmail.com>
Date:   Thu Mar 17 22:58:36 2011 +0200

    minor haml fixes

commit 84acf7f4701a561fcb8ab6b93f9e6c048a461bc7
Merge: e0eefb1 3873b25
Author: Igor Shubovych <igor.shubovych@gmail.com>
Date:   Thu Mar 17 22:58:18 2011 +0200

    Merge branch 'master' of github.com:igorshubovych/autodor
    
    Conflicts:
    	app/views/home/moar.html.haml

commit a5c7879d7929276d97217ef3c553888719cc4022
Author: shybovycha <shybovycha@gmail.com>
Date:   Thu Mar 17 22:57:35 2011 +0200

    minor haml fixes

commit 3873b25cfe48fa11f5a5e341ee9fd47f0d772021
Author: shybovycha <shybovycha@gmail.com>
Date:   Thu Mar 17 22:56:32 2011 +0200

    minor haml fixes

commit e0eefb19000b4d84b5140c679dcf97b5bb1bef73
Author: Igor Shubovych <igor.shubovych@gmail.com>
Date:   Thu Mar 17 22:56:25 2011 +0200

    Fix links

commit 08ca750c0d228a61d8fcecb270f10881b34d6684
Author: shybovycha <shybovycha@gmail.com>
Date:   Thu Mar 17 22:53:23 2011 +0200

    minor haml fixes

commit 5cb047b544b405c1dd162ff762c41fea540047ab
Author: shybovycha <shybovycha@gmail.com>
Date:   Thu Mar 17 22:48:34 2011 +0200

    minor haml fixes

commit f79c51de9f3fc98d4993c696764911ec3197261e
Author: shybovycha <shybovycha@gmail.com>
Date:   Thu Mar 17 22:45:30 2011 +0200

    index.html.erb => index.htlm.haml

commit 111a2bf6d7b6a20ede7ae40bdb0d8de37bbcaa5c
Author: shybovycha <shybovycha@gmail.com>
Date:   Thu Mar 17 22:34:44 2011 +0200

    minor fixes

commit e4f4250e09a220191b714c3108a79c296a6bfd86
Author: shybovycha <shybovycha@gmail.com>
Date:   Thu Mar 17 22:32:44 2011 +0200

    minor css fixes

commit 0f347eedd7b0c4a0d9488ffc499dc03ac17fbbab
Author: shybovycha <shybovycha@gmail.com>
Date:   Thu Mar 17 22:24:45 2011 +0200

    image tags fix

commit d925ff2d9d97f42e5753446ca449856b28e5d27d
Author: shybovycha <shybovycha@gmail.com>
Date:   Thu Mar 17 22:19:07 2011 +0200

    images copied

commit 4ab0355873348bd3cf1237997d7ff82858220291
Author: shybovycha <shybovycha@gmail.com>
Date:   Thu Mar 17 22:15:50 2011 +0200

    haml syntax fix

commit 05345bf383cfbcd35c41f5ffc3fad99a4fa0caf1
Author: shybovycha <shybovycha@gmail.com>
Date:   Thu Mar 17 22:14:01 2011 +0200

    haml syntax fix

commit 8239d9a561093a3342c90f01c966b96cc63ced26
Author: shybovycha <shybovycha@gmail.com>
Date:   Thu Mar 17 22:11:54 2011 +0200

    haml syntax fix

commit 4123efc806bca960581da24ddaa5e979fd6f5074
Author: shybovycha <shybovycha@gmail.com>
Date:   Thu Mar 17 22:10:28 2011 +0200

    haml syntax fix

commit 599aab80f9fef8dc26f69fd1ed7dbca0b28fd994
Author: shybovycha <shybovycha@gmail.com>
Date:   Thu Mar 17 22:08:44 2011 +0200

    route fix

commit 88d05ed1327d29001acd39a764d567338100f12f
Author: shybovycha <shybovycha@gmail.com>
Date:   Thu Mar 17 22:02:57 2011 +0200

    'moar' action added

commit af41f105508408dbd6930be97f11341384500ab9
Author: shybovycha <shybovycha@gmail.com>
Date:   Thu Mar 17 22:01:25 2011 +0200

    'moar' action added

commit fa9c5f6a30108ea45e32f3924f10b70ec288cda4
Author: shybovycha <shybovycha@gmail.com>
Date:   Thu Mar 17 21:35:27 2011 +0200

    Switched to local jquery

commit e6d81d4c73d9169443f222e392e96f98cb203233
Author: shybovycha <shybovycha@gmail.com>
Date:   Thu Mar 17 21:30:44 2011 +0200

    Switched to google apis

commit b47696711d9a54c5bb55fa7baf21e9f57b1f10c5
Author: shybovycha <shybovycha@gmail.com>
Date:   Thu Mar 17 21:28:18 2011 +0200

    Switched to local jquery

commit 1bf3246f0ccacf3bb7484554dc60869cf7239bdc
Author: shybovycha <shybovycha@gmail.com>
Date:   Thu Mar 17 21:27:57 2011 +0200

    Switched to local jquery

commit 93c30cb3a586d3e03ba021f8aaec7d8b51d4fe93
Author: shybovycha <shybovycha@gmail.com>
Date:   Thu Mar 17 00:31:52 2011 +0200

    Routing try #2. Changin language to russian

commit 83f72b7496e8d11af2683222f99b8dbb0e1a76c7
Author: shybovycha <shybovycha@gmail.com>
Date:   Thu Mar 17 00:30:41 2011 +0200

    Routing try #2. Fixing language

commit 2cab47a1fb51e7c3991f68d4b4206cbee60cbe51
Author: shybovycha <shybovycha@gmail.com>
Date:   Thu Mar 17 00:29:26 2011 +0200

    Routing try #2

commit d3241bcd5e00cefb838322eb69bb06190a479af2
Author: shybovycha <shybovycha@gmail.com>
Date:   Thu Mar 17 00:25:13 2011 +0200

    Routing try #1

commit c1030d8d1caaffb49a5f44dbe8c973f4148b3f89
Author: shybovycha <shybovycha@gmail.com>
Date:   Thu Mar 17 00:12:55 2011 +0200

    Centering try #1. Minor changes

commit 059b320e4a15469eb6020436f950af9087ce4b0f
Author: shybovycha <shybovycha@gmail.com>
Date:   Thu Mar 17 00:06:59 2011 +0200

    Centering try #1. Minor changes

commit b183e05fd769e712f94511b92f1b1e8de182d2e0
Author: shybovycha <shybovycha@gmail.com>
Date:   Thu Mar 17 00:02:05 2011 +0200

    Centering try #1. Fixed coords. Fixin' zoom

commit 82513fcafb7cd85b85ceda7f123a5fe5bca28453
Author: shybovycha <shybovycha@gmail.com>
Date:   Thu Mar 17 00:01:03 2011 +0200

    Centering try #1. Fixing lat/lon

commit d970c8dcf606a74cbe048ab160dc28c05d7984d9
Author: shybovycha <shybovycha@gmail.com>
Date:   Wed Mar 16 23:54:51 2011 +0200

    Centering try #1. Fixing lat/lon

commit 862ee6b77f10cf3a51dc636bb0d08ee3b0f02080
Author: shybovycha <shybovycha@gmail.com>
Date:   Wed Mar 16 23:51:47 2011 +0200

    Centering try #1. Fixed map size.

commit bcb45784e1111fd4979d9f9685ea36effd755e16
Author: shybovycha <shybovycha@gmail.com>
Date:   Wed Mar 16 23:50:24 2011 +0200

    Centering try #1

commit af11d3fe8d5a647793779e92f7fa784c4e581dae
Author: shybovycha <shybovycha@gmail.com>
Date:   Wed Mar 16 19:17:59 2011 +0200

    cleaning all the mess up

commit 22cf7bd06063eb5cb5bcca9a6cb5fe6673256633
Author: shybovycha <shybovycha@gmail.com>
Date:   Wed Mar 16 19:17:08 2011 +0200

    cleaning all the mess up

commit 0e81125e9ec00f395611ca96ac48251990e5c839
Author: shybovycha <shybovycha@gmail.com>
Date:   Wed Mar 16 19:15:37 2011 +0200

    /me screwed up. fixed

commit 27538a66acaed7cfe36574fe918664623b30c1b7
Author: shybovycha <shybovycha@gmail.com>
Date:   Wed Mar 16 19:13:57 2011 +0200

    /me screwed up

commit a7d715ece11a991bb6e4f360a2279e4c344703b9
Author: shybovycha <shybovycha@gmail.com>
Date:   Wed Mar 16 19:13:17 2011 +0200

    /me screwed up

commit f1a6349962698c7e9607602dda28f5010bca04cf
Author: shybovycha <shybovycha@gmail.com>
Date:   Wed Mar 16 19:11:06 2011 +0200

    /me screwed up

commit 1f249e5b424cb93241c233914d6a8175296ad528
Author: shybovycha <shybovycha@gmail.com>
Date:   Wed Mar 16 19:09:35 2011 +0200

    moofoo

commit 546ed9b483ee0cdf12fd9bd4793d1d55c903d85b
Merge: 6578519 a12c363
Author: shybovycha <shybovycha@gmail.com>
Date:   Wed Mar 16 19:02:44 2011 +0200

    moofoo

commit 6578519c3150e2fa4286719f001093c4c3e56da0
Author: shybovycha <shybovycha@gmail.com>
Date:   Wed Mar 16 19:00:39 2011 +0200

    moofoo

commit 7ad8811eec10dccd0e5ed1eb81430c618f749fc4
Author: shybovycha <shybovycha@gmail.com>
Date:   Wed Mar 16 18:55:30 2011 +0200

    rolled back

commit c83156e11116de86e80bc6f194bdf7bfa11537bc
Author: shybovycha <shybovycha@gmail.com>
Date:   Wed Mar 16 18:55:25 2011 +0200

    rolled back

commit a12c363acfc94a2d86e28361d92b565d7c01838c
Author: shybovycha <shybovycha@gmail.com>
Date:   Wed Mar 16 18:46:10 2011 +0200

    moofoo

commit c75e8c7a4375d82201f8835197cfe73289b36191
Author: shybovycha <shybovycha@gmail.com>
Date:   Wed Mar 16 18:44:38 2011 +0200

    moofoo

commit 108ffdc326d40f2b92f2b7ded75b0731e9ca4ad1
Author: shybovycha <shybovycha@gmail.com>
Date:   Wed Mar 16 18:40:57 2011 +0200

    moofoo

commit 635d0e1203de9f32c5d5f0420f4c1338e1fc509d
Author: shybovycha <shybovycha@gmail.com>
Date:   Wed Mar 16 18:39:53 2011 +0200

    moofoo

commit f033eb00112dfc014fd5df04f843754dbcd15a11
Author: shybovycha <shybovycha@gmail.com>
Date:   Wed Mar 16 16:54:55 2011 +0200

    moofoo

commit 9eb7db322ff67cd7f094b04a97507b945e6a6bc2
Author: shybovycha <shybovycha@gmail.com>
Date:   Wed Mar 16 16:52:38 2011 +0200

    moofoo

commit 589c1e51ac02b18ecd6411bd8d5a5a30a7fdedeb
Author: shybovycha <shybovycha@gmail.com>
Date:   Wed Mar 16 16:51:33 2011 +0200

    moofoo

commit 7196fcb759dae0a8fb6e3794ded58d5483516e83
Author: shybovycha <shybovycha@gmail.com>
Date:   Wed Mar 16 14:02:54 2011 +0200

    Minor start page changes

commit 4c5abbcf8dc7e42d29bded3e46ac329f5d1dbbee
Author: shybovycha <shybovycha@gmail.com>
Date:   Wed Mar 16 14:01:18 2011 +0200

    Minor start page changes

commit 5e1d77a9ada4ba55778549533a20a957ce056615
Author: shybovycha <shybovycha@gmail.com>
Date:   Wed Mar 16 13:18:04 2011 +0200

    Minor start page changes

commit 13fe9871dca7e35366129d6686a255f03c015956
Author: shybovycha <shybovycha@gmail.com>
Date:   Wed Mar 16 13:17:05 2011 +0200

    Minor start page changes

commit d01e9e620e3950c3de75e516aa259b89e4e327c8
Author: shybovycha <shybovycha@gmail.com>
Date:   Wed Mar 16 13:15:17 2011 +0200

    Minor start page changes

commit 03d8de8f6f2acc48533a9c3ee204d21bbcaccd90
Author: shybovycha <shybovycha@gmail.com>
Date:   Wed Mar 16 13:13:51 2011 +0200

    Minor start page changes

commit 331ff47f825917ebd7233a9134c2e7592bc002b3
Author: shybovycha <shybovycha@gmail.com>
Date:   Wed Mar 16 13:12:38 2011 +0200

    Minor JS changes

commit 36cd78bcdcbeefd1c959409e14682fa56ba1f7b7
Author: shybovycha <shybovycha@gmail.com>
Date:   Wed Mar 16 13:11:18 2011 +0200

    Minor JS performance enhancements; JS inclusion changes; minor index page changes

commit 3206a23c15ff8998133a5997b3c46b5e6987be1c
Author: shybovycha <shybovycha@gmail.com>
Date:   Wed Mar 16 12:59:50 2011 +0200

    Minor index page fixes

commit 0a2d4fcffc836ccdb3eb9f672c441cdbd03e85d9
Author: shybovycha <shybovycha@gmail.com>
Date:   Wed Mar 16 12:58:33 2011 +0200

    Minor index page fixes

commit cc4bbf9777831df3645927f044b632a8530049a5
Author: shybovycha <shybovycha@gmail.com>
Date:   Wed Mar 16 12:57:23 2011 +0200

    Minor index page fixes

commit 1e79cc637a9920aa0ec2d6f814537269297df809
Author: shybovycha <shybovycha@gmail.com>
Date:   Wed Mar 16 12:55:08 2011 +0200

    Minor index page fixes

commit 78063272ec47e3650480a112f09be996fced49c2
Author: shybovycha <shybovycha@gmail.com>
Date:   Wed Mar 16 12:53:41 2011 +0200

    Minor index page fixes

commit 84ddd9d010ab84b0450eedbbe5e49d31639c3c7d
Author: shybovycha <shybovycha@gmail.com>
Date:   Wed Mar 16 12:52:53 2011 +0200

    Minor index page fixes

commit 5e69b69c805431fdfc5df4c1208a270421527baa
Author: shybovycha <shybovycha@gmail.com>
Date:   Wed Mar 16 12:50:49 2011 +0200

    Minor index page fixes

commit 5e957ab8495dccffa43f7627774f69dd36cc0edf
Author: shybovycha <shybovycha@gmail.com>
Date:   Wed Mar 16 12:49:03 2011 +0200

    Minor index page fixes

commit 078aa8044398b144cdc34cd89082f10c90c0fd98
Author: shybovycha <shybovycha@gmail.com>
Date:   Wed Mar 16 12:48:35 2011 +0200

    Minor index page fixes

commit 9cc0790cc1cf4a34cd33d315e4ed7dfd529ccc7e
Author: shybovycha <shybovycha@gmail.com>
Date:   Wed Mar 16 12:45:57 2011 +0200

    Minor index page fixes

commit f2f025d16c6760d2a4f70d6302617c962af39e07
Author: shybovycha <shybovycha@gmail.com>
Date:   Wed Mar 16 12:45:49 2011 +0200

    Minor index page fixes

commit 29b901dbec996781c5282fffc4fd67209cfd6634
Author: shybovycha <shybovycha@gmail.com>
Date:   Wed Mar 16 12:42:22 2011 +0200

    Minor index page fixes

commit 9cc8a742406c1e07192ca309b0f2fffe2b1ab720
Author: shybovycha <shybovycha@gmail.com>
Date:   Wed Mar 16 12:41:25 2011 +0200

    Minor index page fixes

commit ff016013f257c053e6934523f2279b1e266ddc43
Author: shybovycha <shybovycha@gmail.com>
Date:   Wed Mar 16 12:37:02 2011 +0200

    Minor index page changes

commit ae17f88d97301ddddcd5a5244934f82b373f43f5
Author: Igor Shubovych <igor.shubovych@gmail.com>
Date:   Tue Mar 15 15:33:18 2011 +0200

    Add basic map functionality

commit fd14992f9e812a335654c83997546308aaec201d
Author: Igor Shubovych <igor.shubovych@gmail.com>
Date:   Tue Mar 15 15:32:42 2011 +0200

    Add basic map functionality

commit 20b934eb098cf8d5ccdb3efb47a4c975deaebe28
Author: Igor Shubovych <igor.shubovych@gmail.com>
Date:   Tue Mar 15 13:51:35 2011 +0200

    Fix image path

commit c6a6e0913d9eec49b08fe171581f8d4cd82a2a69
Author: Igor Shubovych <igor.shubovych@gmail.com>
Date:   Tue Mar 15 13:44:18 2011 +0200

    Removed useless files

commit 49e24502d9a1ae1137d235996855268ff1355479
Author: shybovycha <shybovycha@gmail.com>
Date:   Mon Mar 14 22:54:56 2011 +0200

    Charset fix

commit 460553edccab68ce7b78778eff663c55ed70fae6
Author: Igor Shubovych <igor.shubovych@gmail.com>
Date:   Mon Mar 14 21:53:10 2011 +0200

    Stealing design from old site

commit 94fdb02817a07ba364aa330331c03d8b9c1b1024
Author: Igor Shubovych <igor.shubovych@gmail.com>
Date:   Mon Mar 14 21:52:33 2011 +0200

    Fixed .gitignore for Mac OS X

commit 766cb74c52e6f400610226f1eab0bb97b1541e79
Author: Igor Shubovych <igor.shubovych@gmail.com>
Date:   Mon Mar 14 21:11:07 2011 +0200

    Fix .gitignore for Rails 3

commit aff97cdcee2e40a942aab459fd88bf034b12d1cc
Author: Igor Shubovych <igor.shubovych@gmail.com>
Date:   Mon Mar 14 21:07:02 2011 +0200

    Initial commit
